{"level":"INFO","time":"2026-06-16T12:16:55.331Z","caller":"uy_micro/server.go:13","msg":"=== uy_micro framework starting ==="}
{"level":"INFO","time":"2026-06-16T12:16:55.338Z","caller":"uy_micro/server.go:13","msg":"database initialized"}
{"level":"INFO","time":"2026-06-16T12:16:55.338Z","caller":"uy_micro/server.go:13","msg":"web engine initialized"}
{"level":"INFO","time":"2026-06-16T12:16:55.338Z","caller":"uy_micro/server.go:13","msg":"grpc server initialized"}
{"level":"INFO","time":"2026-06-16T12:16:55.341Z","caller":"uy_micro/server.go:13","msg":"consul client initialized, service registered"}
{"level":"INFO","time":"2026-06-16T12:16:55.360Z","caller":"uy_micro/server.go:13","msg":"=== all components initialized ==="}
{"level":"INFO","time":"2026-06-16T12:16:55.360Z","caller":"runtime/asm_amd64.s:1693","msg":"http server running on :8082"}
{"level":"INFO","time":"2026-06-16T12:16:55.362Z","caller":"runtime/asm_amd64.s:1693","msg":"grpc server running on :9002"}
{"level":"INFO","time":"2026-06-16T12:25:41.775Z","caller":"uy_micro/server.go:16","msg":"=== shutting down service ==="}
{"level":"INFO","time":"2026-06-16T12:25:41.775Z","caller":"uy_micro/server.go:16","msg":"=== service exited gracefully ==="}
{"level":"INFO","time":"2026-06-16T12:25:45.078Z","caller":"uy_micro/server.go:13","msg":"=== uy_micro framework starting ==="}
{"level":"INFO","time":"2026-06-16T12:25:45.081Z","caller":"uy_micro/server.go:13","msg":"database initialized"}
{"level":"INFO","time":"2026-06-16T12:25:45.082Z","caller":"uy_micro/server.go:13","msg":"web engine initialized"}
{"level":"INFO","time":"2026-06-16T12:25:45.082Z","caller":"uy_micro/server.go:13","msg":"grpc server initialized"}
{"level":"INFO","time":"2026-06-16T12:25:45.083Z","caller":"uy_micro/server.go:13","msg":"consul client initialized, service registered"}
{"level":"INFO","time":"2026-06-16T12:25:45.121Z","caller":"uy_micro/server.go:13","msg":"=== all components initialized ==="}
{"level":"INFO","time":"2026-06-16T12:25:45.121Z","caller":"runtime/asm_amd64.s:1693","msg":"http server running on :8082"}
{"level":"INFO","time":"2026-06-16T12:25:45.124Z","caller":"runtime/asm_amd64.s:1693","msg":"grpc server running on :9002"}
{"level":"INFO","time":"2026-06-16T12:40:21.555Z","caller":"uy_micro/server.go:16","msg":"=== shutting down service ==="}
{"level":"INFO","time":"2026-06-16T12:40:21.556Z","caller":"uy_micro/server.go:16","msg":"=== service exited gracefully ==="}
{"level":"INFO","time":"2026-06-16T12:40:42.849Z","caller":"uy_micro/server.go:13","msg":"=== uy_micro framework starting ==="}
{"level":"INFO","time":"2026-06-16T12:40:42.852Z","caller":"uy_micro/server.go:13","msg":"database initialized"}
{"level":"INFO","time":"2026-06-16T12:40:42.852Z","caller":"uy_micro/server.go:13","msg":"web engine initialized"}
{"level":"INFO","time":"2026-06-16T12:40:42.852Z","caller":"uy_micro/server.go:13","msg":"grpc server initialized"}
{"level":"INFO","time":"2026-06-16T12:40:42.854Z","caller":"uy_micro/server.go:13","msg":"consul client initialized, service registered"}
{"level":"INFO","time":"2026-06-16T12:40:42.887Z","caller":"uy_micro/server.go:13","msg":"=== all components initialized ==="}
{"level":"INFO","time":"2026-06-16T12:40:42.888Z","caller":"runtime/asm_amd64.s:1693","msg":"http server running on :8082"}
{"level":"INFO","time":"2026-06-16T12:40:42.890Z","caller":"runtime/asm_amd64.s:1693","msg":"grpc server running on :9002"}
{"level":"INFO","time":"2026-06-16T12:53:21.795Z","caller":"uy_micro/server.go:16","msg":"=== shutting down service ==="}
{"level":"INFO","time":"2026-06-16T12:53:21.796Z","caller":"uy_micro/server.go:16","msg":"=== service exited gracefully ==="}
{"level":"INFO","time":"2026-06-16T12:55:28.264Z","caller":"uy_micro/server.go:13","msg":"=== uy_micro framework starting ==="}
{"level":"INFO","time":"2026-06-16T12:55:28.267Z","caller":"uy_micro/server.go:13","msg":"database initialized"}
{"level":"INFO","time":"2026-06-16T12:55:28.268Z","caller":"uy_micro/server.go:13","msg":"web engine initialized"}
{"level":"INFO","time":"2026-06-16T12:55:28.268Z","caller":"uy_micro/server.go:13","msg":"grpc server initialized"}
{"level":"INFO","time":"2026-06-16T12:55:28.269Z","caller":"uy_micro/server.go:13","msg":"consul client initialized, service registered"}
{"level":"INFO","time":"2026-06-16T12:55:28.302Z","caller":"uy_micro/server.go:13","msg":"=== all components initialized ==="}
{"level":"INFO","time":"2026-06-16T12:55:28.303Z","caller":"runtime/asm_amd64.s:1693","msg":"http server running on :8082"}
{"level":"INFO","time":"2026-06-16T12:55:28.305Z","caller":"runtime/asm_amd64.s:1693","msg":"grpc server running on :9002"}
{"level":"INFO","time":"2026-06-16T12:56:24.979Z","caller":"uy_micro/server.go:13","msg":"=== uy_micro framework starting ==="}
{"level":"INFO","time":"2026-06-16T12:56:24.982Z","caller":"uy_micro/server.go:13","msg":"database initialized"}
{"level":"INFO","time":"2026-06-16T12:56:24.982Z","caller":"uy_micro/server.go:13","msg":"web engine initialized"}
{"level":"INFO","time":"2026-06-16T12:56:24.982Z","caller":"uy_micro/server.go:13","msg":"grpc server initialized"}
{"level":"INFO","time":"2026-06-16T12:56:24.984Z","caller":"uy_micro/server.go:13","msg":"consul client initialized, service registered"}
{"level":"INFO","time":"2026-06-16T12:56:25.018Z","caller":"uy_micro/server.go:13","msg":"=== all components initialized ==="}
{"level":"INFO","time":"2026-06-16T12:56:25.018Z","caller":"runtime/asm_amd64.s:1693","msg":"http server running on :8084"}
{"level":"INFO","time":"2026-06-16T12:56:25.020Z","caller":"runtime/asm_amd64.s:1693","msg":"grpc server running on :9004"}
{"level":"INFO","time":"2026-06-16T13:05:28.925Z","caller":"uy_micro/server.go:16","msg":"=== shutting down service ==="}
{"level":"INFO","time":"2026-06-16T13:05:28.926Z","caller":"uy_micro/server.go:16","msg":"=== service exited gracefully ==="}
{"level":"INFO","time":"2026-06-16T13:05:43.944Z","caller":"uy_micro/server.go:13","msg":"=== uy_micro framework starting ==="}
{"level":"INFO","time":"2026-06-16T13:05:43.948Z","caller":"uy_micro/server.go:13","msg":"database initialized"}
{"level":"INFO","time":"2026-06-16T13:05:43.948Z","caller":"uy_micro/server.go:13","msg":"web engine initialized"}
{"level":"INFO","time":"2026-06-16T13:05:43.948Z","caller":"uy_micro/server.go:13","msg":"grpc server initialized"}
{"level":"INFO","time":"2026-06-16T13:05:43.949Z","caller":"uy_micro/server.go:13","msg":"consul client initialized, service registered"}
{"level":"INFO","time":"2026-06-16T13:05:43.982Z","caller":"uy_micro/server.go:13","msg":"=== all components initialized ==="}
{"level":"INFO","time":"2026-06-16T13:05:43.982Z","caller":"runtime/asm_amd64.s:1693","msg":"http server running on :8084"}
{"level":"FATAL","time":"2026-06-16T13:05:43.984Z","caller":"uy_micro/server.go:16","msg":"grpc listen failed","error":"listen tcp :9004: bind: address already in use"}
{"level":"INFO","time":"2026-06-16T13:06:07.963Z","caller":"uy_micro/server.go:13","msg":"=== uy_micro framework starting ==="}
{"level":"INFO","time":"2026-06-16T13:06:07.966Z","caller":"uy_micro/server.go:13","msg":"database initialized"}
{"level":"INFO","time":"2026-06-16T13:06:07.966Z","caller":"uy_micro/server.go:13","msg":"web engine initialized"}
{"level":"INFO","time":"2026-06-16T13:06:07.966Z","caller":"uy_micro/server.go:13","msg":"grpc server initialized"}
{"level":"INFO","time":"2026-06-16T13:06:07.968Z","caller":"uy_micro/server.go:13","msg":"consul client initialized, service registered"}
{"level":"INFO","time":"2026-06-16T13:06:08.001Z","caller":"uy_micro/server.go:13","msg":"=== all components initialized ==="}
{"level":"INFO","time":"2026-06-16T13:06:08.001Z","caller":"runtime/asm_amd64.s:1693","msg":"http server running on :8084"}
{"level":"INFO","time":"2026-06-16T13:06:08.004Z","caller":"runtime/asm_amd64.s:1693","msg":"grpc server running on :9004"}
{"level":"INFO","time":"2026-06-16T13:06:16.865Z","caller":"uy_micro/server.go:16","msg":"=== shutting down service ==="}
{"level":"INFO","time":"2026-06-16T13:06:16.866Z","caller":"uy_micro/server.go:16","msg":"=== service exited gracefully ==="}
{"level":"INFO","time":"2026-06-16T13:08:04.645Z","caller":"uy_micro/server.go:13","msg":"=== uy_micro framework starting ==="}
{"level":"INFO","time":"2026-06-16T13:08:04.649Z","caller":"uy_micro/server.go:13","msg":"database initialized"}
{"level":"INFO","time":"2026-06-16T13:08:04.649Z","caller":"uy_micro/server.go:13","msg":"web engine initialized"}
{"level":"INFO","time":"2026-06-16T13:08:04.649Z","caller":"uy_micro/server.go:13","msg":"grpc server initialized"}
{"level":"INFO","time":"2026-06-16T13:08:04.650Z","caller":"uy_micro/server.go:13","msg":"consul client initialized, service registered"}
{"level":"INFO","time":"2026-06-16T13:08:04.683Z","caller":"uy_micro/server.go:13","msg":"=== all components initialized ==="}
{"level":"INFO","time":"2026-06-16T13:08:04.684Z","caller":"runtime/asm_amd64.s:1693","msg":"http server running on :8084"}
{"level":"INFO","time":"2026-06-16T13:08:04.686Z","caller":"runtime/asm_amd64.s:1693","msg":"grpc server running on :9004"}
{"level":"INFO","time":"2026-06-18T10:26:40.674","caller":"uy_micro/server.go:13","msg":"=== uy_micro framework starting ==="}
{"level":"INFO","time":"2026-06-18T10:26:40.771","caller":"uy_micro/server.go:13","msg":"database initialized"}
{"level":"INFO","time":"2026-06-18T10:26:40.771","caller":"uy_micro/server.go:13","msg":"web engine initialized"}
{"level":"INFO","time":"2026-06-18T10:26:40.771","caller":"uy_micro/server.go:13","msg":"grpc server initialized"}
{"level":"INFO","time":"2026-06-18T10:26:40.773","caller":"bootstrap/bootstrap.go:179","msg":"consul service registered","service_id":"role-service-web-8084","service_name":"role-service","web_port":8084,"grpc_port":9004}
{"level":"INFO","time":"2026-06-18T10:26:40.774","caller":"uy_micro/server.go:13","msg":"consul client initialized, service registered"}
{"level":"INFO","time":"2026-06-18T10:26:40.774","caller":"uy_micro/server.go:13","msg":"grpc client factory initialized"}
{"level":"INFO","time":"2026-06-18T10:26:41.174","caller":"uy_micro/server.go:13","msg":"=== all components initialized ==="}
{"level":"INFO","time":"2026-06-18T10:26:41.174","caller":"runtime/asm_amd64.s:1693","msg":"http server running on :8084"}
{"level":"INFO","time":"2026-06-18T10:26:41.177","caller":"runtime/asm_amd64.s:1693","msg":"grpc server running on :9004"}
{"level":"INFO","time":"2026-06-18T16:19:01.629","caller":"uy_micro@v0.0.1-alpha/server.go:13","msg":"=== uy_micro framework starting ==="}
{"level":"INFO","time":"2026-06-18T16:19:01.692","caller":"uy_micro@v0.0.1-alpha/server.go:13","msg":"database initialized"}
{"level":"INFO","time":"2026-06-18T16:19:01.692","caller":"uy_micro@v0.0.1-alpha/server.go:13","msg":"web engine initialized"}
{"level":"INFO","time":"2026-06-18T16:19:01.692","caller":"uy_micro@v0.0.1-alpha/server.go:13","msg":"grpc server initialized"}
{"level":"INFO","time":"2026-06-18T16:19:01.694","caller":"bootstrap/bootstrap.go:117","msg":"consul service registered","service_id":"role-service-web-8084","service_name":"role-service","web_port":8084,"grpc_port":9004}
{"level":"INFO","time":"2026-06-18T16:19:01.694","caller":"uy_micro@v0.0.1-alpha/server.go:13","msg":"consul client initialized, service registered"}
{"level":"INFO","time":"2026-06-18T16:19:01.694","caller":"uy_micro@v0.0.1-alpha/server.go:13","msg":"grpc client pool factory initialized"}
{"level":"INFO","time":"2026-06-18T16:19:01.980","caller":"uy_micro@v0.0.1-alpha/server.go:13","msg":"=== all components initialized ==="}
{"level":"INFO","time":"2026-06-18T16:19:01.981","caller":"runtime/asm_amd64.s:1693","msg":"http server running on :8084"}
{"level":"INFO","time":"2026-06-18T16:19:01.984","caller":"runtime/asm_amd64.s:1693","msg":"grpc server running on :9004"}
{"level":"INFO","time":"2026-06-26T14:53:33.770","caller":"uy_micro@v0.0.1-alpha/server.go:13","msg":"=== uy_micro framework starting ==="}
{"level":"INFO","time":"2026-06-26T14:53:33.862","caller":"uy_micro@v0.0.1-alpha/server.go:13","msg":"database initialized"}
{"level":"INFO","time":"2026-06-26T14:53:33.862","caller":"uy_micro@v0.0.1-alpha/server.go:13","msg":"web engine initialized"}
{"level":"INFO","time":"2026-06-26T14:53:33.862","caller":"uy_micro@v0.0.1-alpha/server.go:13","msg":"grpc server initialized"}
{"level":"INFO","time":"2026-06-26T14:56:57.767","caller":"uy_micro@v0.0.1-alpha/server.go:13","msg":"=== uy_micro framework starting ==="}
{"level":"INFO","time":"2026-06-26T14:56:57.772","caller":"uy_micro@v0.0.1-alpha/server.go:13","msg":"database initialized"}
{"level":"INFO","time":"2026-06-26T14:56:57.772","caller":"uy_micro@v0.0.1-alpha/server.go:13","msg":"web engine initialized"}
{"level":"INFO","time":"2026-06-26T14:56:57.772","caller":"uy_micro@v0.0.1-alpha/server.go:13","msg":"grpc server initialized"}
{"level":"INFO","time":"2026-06-26T14:56:57.774","caller":"bootstrap/bootstrap.go:117","msg":"consul service registered","service_id":"role-service-web-1110","service_name":"role-service","web_port":1110,"grpc_port":2110}
{"level":"INFO","time":"2026-06-26T14:56:57.774","caller":"uy_micro@v0.0.1-alpha/server.go:13","msg":"consul client initialized, service registered"}
{"level":"INFO","time":"2026-06-26T14:56:57.774","caller":"uy_micro@v0.0.1-alpha/server.go:13","msg":"grpc client pool factory initialized"}
{"level":"INFO","time":"2026-06-26T14:56:58.085","caller":"uy_micro@v0.0.1-alpha/server.go:13","msg":"=== all components initialized ==="}
{"level":"INFO","time":"2026-06-26T14:56:58.085","caller":"runtime/asm_amd64.s:1693","msg":"http server running on :1110"}
{"level":"INFO","time":"2026-06-26T14:56:58.089","caller":"runtime/asm_amd64.s:1693","msg":"grpc server running on :2110"}
{"level":"INFO","time":"2026-06-26T15:25:14.874","caller":"uy_micro@v0.0.1-alpha/server.go:16","msg":"=== shutting down service ==="}
{"level":"INFO","time":"2026-06-26T15:25:14.875","caller":"runtime/asm_amd64.s:1693","msg":"consul service deregistered","service_id":"role-service-web-1110"}
{"level":"INFO","time":"2026-06-26T15:25:14.875","caller":"uy_micro@v0.0.1-alpha/server.go:16","msg":"=== service exited gracefully ==="}
